Start testing: Apr 12 23:12 MSK
----------------------------------------------------------
Unable to find executable: /home/augustus/TIMP/lab05/_build/check
1/1 Testing: check
1/1 Test: check
Command: ""
Directory: /home/augustus/TIMP/lab05/_build
"check" start time: 
Output:
----------------------------------------------------------
<end of output>
Test time =   0.00 sec
----------------------------------------------------------
Test Passed.
"check" end time: Apr 12 23:12 MSK
"check" time elapsed: 00:00:00
----------------------------------------------------------

End testing: Apr 12 23:12 MSK
